2015/02/24 03:32:55 [error] [system.db.CDbCommand] CDbCommand::fetchAll() failed: SQLSTATE[42S02]: Base table or view not found: 1146 Table 'supai.sale' doesn't exist. The SQL statement executed was: SHOW FULL COLUMNS FROM `sale`.
in /Users/viator42/workspace/supai-server/supai/index.php (13)
2015/02/24 08:50:40 [error] [exception.CHttpException.404] exception 'CHttpException' with message 'The system is unable to find the requested action "city?id=1".' in /Users/viator42/workspace/supai-server/framework/web/CController.php:483
Stack trace:
#0 /Users/viator42/workspace/supai-server/framework/web/CController.php(270): CController->missingAction('city?id=1')
#1 /Users/viator42/workspace/supai-server/framework/web/CWebApplication.php(282): CController->run('city?id=1')
#2 /Users/viator42/workspace/supai-server/framework/web/CWebApplication.php(141): CWebApplication->runController('area/city?id=1')
#3 /Users/viator42/workspace/supai-server/framework/base/CApplication.php(184): CWebApplication->processRequest()
#4 /Users/viator42/workspace/supai-server/supai/index.php(13): CApplication->run()
#5 {main}
REQUEST_URI=/?r=area/city?id=1
---
2015/02/24 08:54:19 [error] [exception.CHttpException.404] exception 'CHttpException' with message 'The system is unable to find the requested action "city".' in /Users/viator42/workspace/supai-server/framework/web/CController.php:483
Stack trace:
#0 /Users/viator42/workspace/supai-server/framework/web/CController.php(270): CController->missingAction('city')
#1 /Users/viator42/workspace/supai-server/framework/web/CWebApplication.php(282): CController->run('city')
#2 /Users/viator42/workspace/supai-server/framework/web/CWebApplication.php(141): CWebApplication->runController('area/city')
#3 /Users/viator42/workspace/supai-server/framework/base/CApplication.php(184): CWebApplication->processRequest()
#4 /Users/viator42/workspace/supai-server/supai/index.php(13): CApplication->run()
#5 {main}
REQUEST_URI=/index.php/area/city?code=110100
---
